# Logfile created on 2012-02-03 23:53:03 +0000 by logger.rb/25413
Compiled jquery.js  (2ms)  (pid 74416)
Compiled jquery_ujs.js  (0ms)  (pid 74416)
Compiled bootstrap-dropdown.js  (0ms)  (pid 74416)
Compiled admins.js  (1326ms)  (pid 74416)
Compiled jquery.hashgrid.js  (1ms)  (pid 74416)
Compiled main.js  (0ms)  (pid 74416)
Compiled respond.js  (0ms)  (pid 74416)
Compiled session.js  (180ms)  (pid 74416)
Compiled vipusers.js  (114ms)  (pid 74416)
Compiled application.js  (1903ms)  (pid 74416)
Compiled bootstrap.css  (1ms)  (pid 74416)
Compiled admin/application.css  (120ms)  (pid 74416)
Compiled jquery.js  (43ms)  (pid 74537)
Compiled jquery_ujs.js  (0ms)  (pid 74537)
Compiled bootstrap-dropdown.js  (0ms)  (pid 74537)
Compiled admins.js  (208ms)  (pid 74537)
Compiled jquery.hashgrid.js  (2ms)  (pid 74537)
Compiled main.js  (0ms)  (pid 74537)
Compiled respond.js  (0ms)  (pid 74537)
Compiled session.js  (122ms)  (pid 74537)
Compiled vipusers.js  (102ms)  (pid 74537)
Compiled application.js  (668ms)  (pid 74537)
Compiled bootstrap.css  (1ms)  (pid 74537)
Compiled admin/application.css  (115ms)  (pid 74537)
Compiled jquery.js  (43ms)  (pid 74650)
Compiled jquery_ujs.js  (0ms)  (pid 74650)
Compiled bootstrap-dropdown.js  (0ms)  (pid 74650)
Compiled admins.js  (127ms)  (pid 74650)
Compiled jquery.hashgrid.js  (3ms)  (pid 74650)
Compiled main.js  (0ms)  (pid 74650)
Compiled respond.js  (0ms)  (pid 74650)
Compiled session.js  (146ms)  (pid 74650)
Compiled vipusers.js  (108ms)  (pid 74650)
Compiled application.js  (566ms)  (pid 74650)
Compiled bootstrap.css  (0ms)  (pid 74650)
Compiled admin/application.css  (129ms)  (pid 74650)
Compiled jquery.js  (47ms)  (pid 74709)
Compiled jquery_ujs.js  (0ms)  (pid 74709)
Compiled bootstrap-dropdown.js  (0ms)  (pid 74709)
Compiled admins.js  (126ms)  (pid 74709)
Compiled jquery.hashgrid.js  (1ms)  (pid 74709)
Compiled main.js  (0ms)  (pid 74709)
Compiled respond.js  (0ms)  (pid 74709)
Compiled session.js  (106ms)  (pid 74709)
Compiled vipusers.js  (118ms)  (pid 74709)
Compiled application.js  (555ms)  (pid 74709)
Compiled bootstrap.css  (0ms)  (pid 74709)
Compiled admin/application.css  (123ms)  (pid 74709)
Compiled jquery.js  (59ms)  (pid 74842)
Compiled jquery_ujs.js  (0ms)  (pid 74842)
Compiled bootstrap-dropdown.js  (0ms)  (pid 74842)
Compiled admins.js  (291ms)  (pid 74842)
Compiled jquery.hashgrid.js  (1ms)  (pid 74842)
Compiled main.js  (0ms)  (pid 74842)
Compiled respond.js  (0ms)  (pid 74842)
Compiled session.js  (107ms)  (pid 74842)
Compiled vipusers.js  (106ms)  (pid 74842)
Compiled application.js  (732ms)  (pid 74842)
Compiled bootstrap.css  (1ms)  (pid 74842)
Compiled admin/application.css  (211ms)  (pid 74842)
Compiled jquery.js  (45ms)  (pid 76149)
Compiled jquery_ujs.js  (0ms)  (pid 76149)
Compiled bootstrap-dropdown.js  (0ms)  (pid 76149)
Compiled admins.js  (160ms)  (pid 76149)
Compiled jquery.hashgrid.js  (1ms)  (pid 76149)
Compiled main.js  (0ms)  (pid 76149)
Compiled respond.js  (0ms)  (pid 76149)
Compiled session.js  (218ms)  (pid 76149)
Compiled vipusers.js  (118ms)  (pid 76149)
Compiled application.js  (825ms)  (pid 76149)
Compiled jquery.js  (45ms)  (pid 76206)
Compiled jquery_ujs.js  (0ms)  (pid 76206)
Compiled bootstrap-dropdown.js  (0ms)  (pid 76206)
Compiled admins.js  (177ms)  (pid 76206)
Compiled jquery.hashgrid.js  (1ms)  (pid 76206)
Compiled main.js  (0ms)  (pid 76206)
Compiled respond.js  (0ms)  (pid 76206)
Compiled session.js  (121ms)  (pid 76206)
Compiled vipusers.js  (114ms)  (pid 76206)
Compiled application.js  (625ms)  (pid 76206)
Compiled jquery.js  (45ms)  (pid 76275)
Compiled jquery_ujs.js  (0ms)  (pid 76275)
Compiled bootstrap-dropdown.js  (0ms)  (pid 76275)
Compiled admins.js  (118ms)  (pid 76275)
Compiled jquery.hashgrid.js  (0ms)  (pid 76275)
Compiled main.js  (0ms)  (pid 76275)
Compiled respond.js  (0ms)  (pid 76275)
Compiled session.js  (430ms)  (pid 76275)
Compiled vipusers.js  (201ms)  (pid 76275)
Compiled application.js  (945ms)  (pid 76275)
Compiled admin/application.css  (1958ms)  (pid 76275)
Compiled application.css  (1699ms)  (pid 76275)
Compiled jquery.js  (44ms)  (pid 76275)
Compiled jquery_ujs.js  (0ms)  (pid 76275)
Compiled bootstrap-dropdown.js  (0ms)  (pid 76275)
Compiled admins.js  (118ms)  (pid 76275)
Compiled jquery.hashgrid.js  (2ms)  (pid 76275)
Compiled main.js  (0ms)  (pid 76275)
Compiled respond.js  (0ms)  (pid 76275)
Compiled session.js  (102ms)  (pid 76275)
Compiled vipusers.js  (108ms)  (pid 76275)
Compiled application.js  (520ms)  (pid 76275)
Compiled admin/application.css  (1567ms)  (pid 76275)
Compiled application.css  (1490ms)  (pid 76275)
Compiled jquery.js  (2ms)  (pid 76600)
Compiled jquery_ujs.js  (0ms)  (pid 76600)
Compiled bootstrap-dropdown.js  (0ms)  (pid 76600)
Compiled admins.js  (334ms)  (pid 76600)
Compiled jquery.hashgrid.js  (0ms)  (pid 76600)
Compiled main.js  (0ms)  (pid 76600)
Compiled respond.js  (0ms)  (pid 76600)
Compiled session.js  (155ms)  (pid 76600)
Compiled vipusers.js  (118ms)  (pid 76600)
Compiled application.js  (923ms)  (pid 76600)
Compiled bootstrap.css  (0ms)  (pid 76600)
Compiled admin/application.css  (1930ms)  (pid 76600)
Compiled jquery.js  (49ms)  (pid 76681)
Compiled jquery_ujs.js  (0ms)  (pid 76681)
Compiled bootstrap-dropdown.js  (0ms)  (pid 76681)
Compiled admins.js  (359ms)  (pid 76681)
Compiled jquery.hashgrid.js  (1ms)  (pid 76681)
Compiled main.js  (0ms)  (pid 76681)
Compiled respond.js  (0ms)  (pid 76681)
Compiled session.js  (119ms)  (pid 76681)
Compiled vipusers.js  (106ms)  (pid 76681)
Compiled application.js  (942ms)  (pid 76681)
Compiled bootstrap.css  (1ms)  (pid 76681)
Compiled jquery.js  (56ms)  (pid 18958)
Compiled jquery_ujs.js  (0ms)  (pid 18958)
Compiled bootstrap-dropdown.js  (0ms)  (pid 18958)
Compiled admins.js  (886ms)  (pid 18958)
Compiled jquery.hashgrid.js  (1ms)  (pid 18958)
Compiled main.js  (0ms)  (pid 18958)
Compiled respond.js  (0ms)  (pid 18958)
Compiled session.js  (122ms)  (pid 18958)
Compiled vipusers.js  (121ms)  (pid 18958)
Compiled application.js  (1724ms)  (pid 18958)
Compiled bootstrap.css  (22ms)  (pid 18958)
Compiled admin/application.css  (314ms)  (pid 18958)
Compiled jquery.js  (3ms)  (pid 19678)
Compiled jquery_ujs.js  (0ms)  (pid 19678)
Compiled bootstrap-dropdown.js  (2ms)  (pid 19678)
Compiled admins.js  (1482ms)  (pid 19678)
Compiled jquery.hashgrid.js  (1ms)  (pid 19678)
Compiled main.js  (0ms)  (pid 19678)
Compiled respond.js  (0ms)  (pid 19678)
Compiled session.js  (175ms)  (pid 19678)
Compiled vipusers.js  (122ms)  (pid 19678)
Compiled application.js  (2469ms)  (pid 19678)
Compiled admin/application.css  (3358ms)  (pid 19678)
Compiled application.css  (2236ms)  (pid 19678)
Compiled jquery.js  (3ms)  (pid 19678)
Compiled jquery_ujs.js  (0ms)  (pid 19678)
Compiled bootstrap-dropdown.js  (0ms)  (pid 19678)
Compiled admins.js  (136ms)  (pid 19678)
Compiled jquery.hashgrid.js  (0ms)  (pid 19678)
Compiled main.js  (0ms)  (pid 19678)
Compiled respond.js  (0ms)  (pid 19678)
Compiled session.js  (240ms)  (pid 19678)
Compiled vipusers.js  (226ms)  (pid 19678)
Compiled application.js  (786ms)  (pid 19678)
Compiled admin/application.css  (5225ms)  (pid 19678)
Compiled application.css  (2328ms)  (pid 19678)
Compiled jquery.js  (3ms)  (pid 33921)
Compiled jquery_ujs.js  (0ms)  (pid 33921)
Compiled bootstrap-dropdown.js  (0ms)  (pid 33921)
Compiled admin/application.js  (1398ms)  (pid 33921)
Compiled jquery.hashgrid.js  (1ms)  (pid 33921)
Compiled main.js  (0ms)  (pid 33921)
Compiled respond.js  (0ms)  (pid 33921)
Compiled session.js  (233ms)  (pid 33921)
Compiled vipusers.js  (171ms)  (pid 33921)
Compiled application.js  (512ms)  (pid 33921)
Compiled admin/application.css  (3118ms)  (pid 33921)
Compiled application.css  (1805ms)  (pid 33921)
Compiled jquery.js  (2ms)  (pid 33921)
Compiled jquery_ujs.js  (0ms)  (pid 33921)
Compiled bootstrap-dropdown.js  (0ms)  (pid 33921)
Compiled admin/application.js  (109ms)  (pid 33921)
Compiled jquery.hashgrid.js  (0ms)  (pid 33921)
Compiled main.js  (0ms)  (pid 33921)
Compiled respond.js  (0ms)  (pid 33921)
Compiled session.js  (201ms)  (pid 33921)
Compiled vipusers.js  (107ms)  (pid 33921)
Compiled application.js  (427ms)  (pid 33921)
Compiled admin/application.css  (2489ms)  (pid 33921)
Compiled application.css  (1690ms)  (pid 33921)
